2022-07-20 15:50:37,066 [Worker-1: Loading available Gradle versions] INFO  o.e.b.c.i.u.g.PublishedGradleVersions - Gradle version information cache is up-to-date. Trying to read.
2022-07-20 15:51:15,484 [Worker-40: Creating maven-archetype-quickstart] INFO  o.e.m.c.i.p.ProjectConfigurationManager - Collecting project info '/pom.xml' C:\Users\Josh\eclipse-workspace\assignment1\pom.xml
2022-07-20 15:51:15,765 [Worker-40: Creating maven-archetype-quickstart] INFO  o.e.m.c.i.l.LifecycleMappingFactory - Using org.eclipse.m2e.jdt.JarLifecycleMapping lifecycle mapping for MavenProject: com.hcl:assignment1:0.0.1-SNAPSHOT @ C:\Users\Josh\eclipse-workspace\assignment1\pom.xml.
2022-07-20 15:51:15,895 [Worker-40: Creating maven-archetype-quickstart] INFO  o.e.m.j.i.AbstractJavaProjectConfigurator - Adding source folder /assignment1/src/main/java
2022-07-20 15:51:15,897 [Worker-40: Creating maven-archetype-quickstart] INFO  o.e.m.j.i.AbstractJavaProjectConfigurator - Adding source folder /assignment1/src/test/java
2022-07-20 15:51:15,959 [Worker-40: Creating maven-archetype-quickstart] INFO  o.e.m.c.i.p.ProjectConfigurationManager - Imported and configured 1 project(s) in 0 sec
2022-07-20 15:51:16,344 [Worker-20: Building] INFO  o.e.m.c.i.embedder.EclipseLogger - Using 'UTF-8' encoding to copy filtered resources.
2022-07-20 15:51:16,344 [Worker-20: Building] INFO  o.e.m.c.i.embedder.EclipseLogger - skip non existing resourceDirectory C:\Users\Josh\eclipse-workspace\assignment1\src\main\resources
2022-07-20 15:51:16,345 [Worker-20: Building] INFO  o.e.m.c.i.embedder.EclipseLogger - Using 'UTF-8' encoding to copy filtered resources.
2022-07-20 15:51:16,345 [Worker-20: Building] INFO  o.e.m.c.i.embedder.EclipseLogger - skip non existing resourceDirectory C:\Users\Josh\eclipse-workspace\assignment1\src\test\resources
2022-07-20 15:51:20,263 [Worker-10: Building] INFO  o.e.m.c.i.embedder.EclipseLogger - Using 'UTF-8' encoding to copy filtered resources.
2022-07-20 15:51:20,263 [Worker-10: Building] INFO  o.e.m.c.i.embedder.EclipseLogger - skip non existing resourceDirectory C:\Users\Josh\eclipse-workspace\assignment1\src\main\resources
2022-07-20 15:51:20,263 [Worker-10: Building] INFO  o.e.m.c.i.embedder.EclipseLogger - Using 'UTF-8' encoding to copy filtered resources.
2022-07-20 15:51:20,263 [Worker-10: Building] INFO  o.e.m.c.i.embedder.EclipseLogger - skip non existing resourceDirectory C:\Users\Josh\eclipse-workspace\assignment1\src\test\resources
2022-07-20 15:58:25,813 [Worker-6: Loading available Gradle versions] INFO  o.e.b.c.i.u.g.PublishedGradleVersions - Gradle version information cache is up-to-date. Trying to read.
2022-07-20 16:02:28,697 [ModalContext] WARN  org.eclipse.jgit.lib.Repository - close() called when useCnt is already zero for Repository[C:\Users\Josh\git\repository\.git]
2022-07-20 16:03:35,015 [Worker-47: Creating maven-archetype-quickstart] INFO  o.e.m.c.i.p.ProjectConfigurationManager - Collecting project info '/pom.xml' C:\Users\Josh\eclipse-workspace\assignment2\pom.xml
2022-07-20 16:03:35,255 [Worker-47: Creating maven-archetype-quickstart] INFO  o.e.m.c.i.l.LifecycleMappingFactory - Using org.eclipse.m2e.jdt.JarLifecycleMapping lifecycle mapping for MavenProject: com.hcl:assignment2:0.0.1-SNAPSHOT @ C:\Users\Josh\eclipse-workspace\assignment2\pom.xml.
2022-07-20 16:03:35,350 [Worker-47: Creating maven-archetype-quickstart] INFO  o.e.m.j.i.AbstractJavaProjectConfigurator - Adding source folder /assignment2/src/main/java
2022-07-20 16:03:35,352 [Worker-47: Creating maven-archetype-quickstart] INFO  o.e.m.j.i.AbstractJavaProjectConfigurator - Adding source folder /assignment2/src/test/java
2022-07-20 16:03:35,368 [Worker-47: Creating maven-archetype-quickstart] INFO  o.e.m.c.i.p.ProjectConfigurationManager - Imported and configured 1 project(s) in 0 sec
2022-07-20 16:03:35,512 [Worker-8: Building] INFO  o.e.m.c.i.embedder.EclipseLogger - Using 'UTF-8' encoding to copy filtered resources.
2022-07-20 16:03:35,512 [Worker-8: Building] INFO  o.e.m.c.i.embedder.EclipseLogger - skip non existing resourceDirectory C:\Users\Josh\eclipse-workspace\assignment2\src\main\resources
2022-07-20 16:03:35,513 [Worker-8: Building] INFO  o.e.m.c.i.embedder.EclipseLogger - Using 'UTF-8' encoding to copy filtered resources.
2022-07-20 16:03:35,513 [Worker-8: Building] INFO  o.e.m.c.i.embedder.EclipseLogger - skip non existing resourceDirectory C:\Users\Josh\eclipse-workspace\assignment2\src\test\resources
2022-07-20 16:09:50,300 [Worker-47: Launching App (1)] INFO  o.e.m.c.i.embedder.EclipseLogger - Using 'UTF-8' encoding to copy filtered resources.
2022-07-20 16:09:50,300 [Worker-47: Launching App (1)] INFO  o.e.m.c.i.embedder.EclipseLogger - skip non existing resourceDirectory C:\Users\Josh\eclipse-workspace\assignment2\src\main\resources
2022-07-20 16:09:50,300 [Worker-47: Launching App (1)] INFO  o.e.m.c.i.embedder.EclipseLogger - Using 'UTF-8' encoding to copy filtered resources.
2022-07-20 16:09:50,300 [Worker-47: Launching App (1)] INFO  o.e.m.c.i.embedder.EclipseLogger - skip non existing resourceDirectory C:\Users\Josh\eclipse-workspace\assignment2\src\test\resources
2022-07-20 16:10:43,585 [Worker-47: Launching App (1)] INFO  o.e.m.c.i.embedder.EclipseLogger - Using 'UTF-8' encoding to copy filtered resources.
2022-07-20 16:10:43,585 [Worker-47: Launching App (1)] INFO  o.e.m.c.i.embedder.EclipseLogger - skip non existing resourceDirectory C:\Users\Josh\eclipse-workspace\assignment2\src\main\resources
2022-07-20 16:10:43,586 [Worker-47: Launching App (1)] INFO  o.e.m.c.i.embedder.EclipseLogger - Using 'UTF-8' encoding to copy filtered resources.
2022-07-20 16:10:43,586 [Worker-47: Launching App (1)] INFO  o.e.m.c.i.embedder.EclipseLogger - skip non existing resourceDirectory C:\Users\Josh\eclipse-workspace\assignment2\src\test\resources
2022-07-20 16:10:59,789 [Worker-48: Launching App (1)] INFO  o.e.m.c.i.embedder.EclipseLogger - Using 'UTF-8' encoding to copy filtered resources.
2022-07-20 16:10:59,789 [Worker-48: Launching App (1)] INFO  o.e.m.c.i.embedder.EclipseLogger - skip non existing resourceDirectory C:\Users\Josh\eclipse-workspace\assignment2\src\main\resources
2022-07-20 16:10:59,789 [Worker-48: Launching App (1)] INFO  o.e.m.c.i.embedder.EclipseLogger - Using 'UTF-8' encoding to copy filtered resources.
2022-07-20 16:10:59,790 [Worker-48: Launching App (1)] INFO  o.e.m.c.i.embedder.EclipseLogger - skip non existing resourceDirectory C:\Users\Josh\eclipse-workspace\assignment2\src\test\resources
2022-07-20 16:11:35,348 [Worker-47: Launching App (1)] INFO  o.e.m.c.i.embedder.EclipseLogger - Using 'UTF-8' encoding to copy filtered resources.
2022-07-20 16:11:35,348 [Worker-47: Launching App (1)] INFO  o.e.m.c.i.embedder.EclipseLogger - skip non existing resourceDirectory C:\Users\Josh\eclipse-workspace\assignment2\src\main\resources
2022-07-20 16:11:35,349 [Worker-47: Launching App (1)] INFO  o.e.m.c.i.embedder.EclipseLogger - Using 'UTF-8' encoding to copy filtered resources.
2022-07-20 16:11:35,349 [Worker-47: Launching App (1)] INFO  o.e.m.c.i.embedder.EclipseLogger - skip non existing resourceDirectory C:\Users\Josh\eclipse-workspace\assignment2\src\test\resources
2022-07-20 16:11:59,172 [Worker-47: Building] INFO  o.e.m.c.i.embedder.EclipseLogger - Using 'UTF-8' encoding to copy filtered resources.
2022-07-20 16:11:59,172 [Worker-47: Building] INFO  o.e.m.c.i.embedder.EclipseLogger - skip non existing resourceDirectory C:\Users\Josh\eclipse-workspace\assignment2\src\main\resources
2022-07-20 16:11:59,173 [Worker-47: Building] INFO  o.e.m.c.i.embedder.EclipseLogger - Using 'UTF-8' encoding to copy filtered resources.
2022-07-20 16:11:59,173 [Worker-47: Building] INFO  o.e.m.c.i.embedder.EclipseLogger - skip non existing resourceDirectory C:\Users\Josh\eclipse-workspace\assignment2\src\test\resources
2022-07-20 16:12:34,219 [Worker-48: Launching Fibonacci (1)] INFO  o.e.m.c.i.embedder.EclipseLogger - Using 'UTF-8' encoding to copy filtered resources.
2022-07-20 16:12:34,219 [Worker-48: Launching Fibonacci (1)] INFO  o.e.m.c.i.embedder.EclipseLogger - skip non existing resourceDirectory C:\Users\Josh\eclipse-workspace\assignment2\src\main\resources
2022-07-20 16:12:34,225 [Worker-48: Launching Fibonacci (1)] INFO  o.e.m.c.i.embedder.EclipseLogger - Using 'UTF-8' encoding to copy filtered resources.
2022-07-20 16:12:34,225 [Worker-48: Launching Fibonacci (1)] INFO  o.e.m.c.i.embedder.EclipseLogger - skip non existing resourceDirectory C:\Users\Josh\eclipse-workspace\assignment2\src\test\resources
2022-07-20 16:13:51,768 [Worker-48: Launching Fibonacci (1)] INFO  o.e.m.c.i.embedder.EclipseLogger - Using 'UTF-8' encoding to copy filtered resources.
2022-07-20 16:13:51,768 [Worker-48: Launching Fibonacci (1)] INFO  o.e.m.c.i.embedder.EclipseLogger - skip non existing resourceDirectory C:\Users\Josh\eclipse-workspace\assignment2\src\main\resources
2022-07-20 16:13:51,769 [Worker-48: Launching Fibonacci (1)] INFO  o.e.m.c.i.embedder.EclipseLogger - Using 'UTF-8' encoding to copy filtered resources.
2022-07-20 16:13:51,769 [Worker-48: Launching Fibonacci (1)] INFO  o.e.m.c.i.embedder.EclipseLogger - skip non existing resourceDirectory C:\Users\Josh\eclipse-workspace\assignment2\src\test\resources
2022-07-20 16:14:24,554 [Worker-49: Launching Fibonacci (1)] INFO  o.e.m.c.i.embedder.EclipseLogger - Using 'UTF-8' encoding to copy filtered resources.
2022-07-20 16:14:24,554 [Worker-49: Launching Fibonacci (1)] INFO  o.e.m.c.i.embedder.EclipseLogger - skip non existing resourceDirectory C:\Users\Josh\eclipse-workspace\assignment2\src\main\resources
2022-07-20 16:14:24,555 [Worker-49: Launching Fibonacci (1)] INFO  o.e.m.c.i.embedder.EclipseLogger - Using 'UTF-8' encoding to copy filtered resources.
2022-07-20 16:14:24,555 [Worker-49: Launching Fibonacci (1)] INFO  o.e.m.c.i.embedder.EclipseLogger - skip non existing resourceDirectory C:\Users\Josh\eclipse-workspace\assignment2\src\test\resources
2022-07-20 16:15:30,095 [Worker-45: Building] INFO  o.e.m.c.i.embedder.EclipseLogger - Using 'UTF-8' encoding to copy filtered resources.
2022-07-20 16:15:30,096 [Worker-45: Building] INFO  o.e.m.c.i.embedder.EclipseLogger - skip non existing resourceDirectory C:\Users\Josh\eclipse-workspace\assignment2\src\main\resources
2022-07-20 16:15:30,096 [Worker-45: Building] INFO  o.e.m.c.i.embedder.EclipseLogger - Using 'UTF-8' encoding to copy filtered resources.
2022-07-20 16:15:30,096 [Worker-45: Building] INFO  o.e.m.c.i.embedder.EclipseLogger - skip non existing resourceDirectory C:\Users\Josh\eclipse-workspace\assignment2\src\test\resources
2022-07-20 16:15:51,419 [Worker-50: Building] INFO  o.e.m.c.i.embedder.EclipseLogger - Using 'UTF-8' encoding to copy filtered resources.
2022-07-20 16:15:51,419 [Worker-50: Building] INFO  o.e.m.c.i.embedder.EclipseLogger - skip non existing resourceDirectory C:\Users\Josh\eclipse-workspace\assignment2\src\main\resources
2022-07-20 16:15:51,419 [Worker-50: Building] INFO  o.e.m.c.i.embedder.EclipseLogger - Using 'UTF-8' encoding to copy filtered resources.
2022-07-20 16:15:51,419 [Worker-50: Building] INFO  o.e.m.c.i.embedder.EclipseLogger - skip non existing resourceDirectory C:\Users\Josh\eclipse-workspace\assignment2\src\test\resources
2022-07-20 16:21:15,853 [Worker-53: Building] INFO  o.e.m.c.i.embedder.EclipseLogger - Using 'UTF-8' encoding to copy filtered resources.
2022-07-20 16:21:15,854 [Worker-53: Building] INFO  o.e.m.c.i.embedder.EclipseLogger - skip non existing resourceDirectory C:\Users\Josh\eclipse-workspace\assignment2\src\main\resources
2022-07-20 16:21:15,854 [Worker-53: Building] INFO  o.e.m.c.i.embedder.EclipseLogger - Using 'UTF-8' encoding to copy filtered resources.
2022-07-20 16:21:15,854 [Worker-53: Building] INFO  o.e.m.c.i.embedder.EclipseLogger - skip non existing resourceDirectory C:\Users\Josh\eclipse-workspace\assignment2\src\test\resources
2022-07-20 16:22:29,554 [Worker-54: Launching PrintPrime] INFO  o.e.m.c.i.embedder.EclipseLogger - Using 'UTF-8' encoding to copy filtered resources.
2022-07-20 16:22:29,554 [Worker-54: Launching PrintPrime] INFO  o.e.m.c.i.embedder.EclipseLogger - skip non existing resourceDirectory C:\Users\Josh\eclipse-workspace\assignment2\src\main\resources
2022-07-20 16:22:29,555 [Worker-54: Launching PrintPrime] INFO  o.e.m.c.i.embedder.EclipseLogger - Using 'UTF-8' encoding to copy filtered resources.
2022-07-20 16:22:29,555 [Worker-54: Launching PrintPrime] INFO  o.e.m.c.i.embedder.EclipseLogger - skip non existing resourceDirectory C:\Users\Josh\eclipse-workspace\assignment2\src\test\resources
2022-07-20 16:23:46,613 [Worker-53: Building] INFO  o.e.m.c.i.embedder.EclipseLogger - Using 'UTF-8' encoding to copy filtered resources.
2022-07-20 16:23:46,613 [Worker-53: Building] INFO  o.e.m.c.i.embedder.EclipseLogger - skip non existing resourceDirectory C:\Users\Josh\eclipse-workspace\assignment2\src\main\resources
2022-07-20 16:23:46,613 [Worker-53: Building] INFO  o.e.m.c.i.embedder.EclipseLogger - Using 'UTF-8' encoding to copy filtered resources.
2022-07-20 16:23:46,614 [Worker-53: Building] INFO  o.e.m.c.i.embedder.EclipseLogger - skip non existing resourceDirectory C:\Users\Josh\eclipse-workspace\assignment2\src\test\resources
2022-07-20 16:34:29,131 [Worker-58: Launching SwapTwoVariables] INFO  o.e.m.c.i.embedder.EclipseLogger - Using 'UTF-8' encoding to copy filtered resources.
2022-07-20 16:34:29,131 [Worker-58: Launching SwapTwoVariables] INFO  o.e.m.c.i.embedder.EclipseLogger - skip non existing resourceDirectory C:\Users\Josh\eclipse-workspace\assignment2\src\main\resources
2022-07-20 16:34:29,132 [Worker-58: Launching SwapTwoVariables] INFO  o.e.m.c.i.embedder.EclipseLogger - Using 'UTF-8' encoding to copy filtered resources.
2022-07-20 16:34:29,132 [Worker-58: Launching SwapTwoVariables] INFO  o.e.m.c.i.embedder.EclipseLogger - skip non existing resourceDirectory C:\Users\Josh\eclipse-workspace\assignment2\src\test\resources
2022-07-20 16:34:48,270 [Worker-60: Launching SwapTwoVariables] INFO  o.e.m.c.i.embedder.EclipseLogger - Using 'UTF-8' encoding to copy filtered resources.
2022-07-20 16:34:48,270 [Worker-60: Launching SwapTwoVariables] INFO  o.e.m.c.i.embedder.EclipseLogger - skip non existing resourceDirectory C:\Users\Josh\eclipse-workspace\assignment2\src\main\resources
2022-07-20 16:34:48,271 [Worker-60: Launching SwapTwoVariables] INFO  o.e.m.c.i.embedder.EclipseLogger - Using 'UTF-8' encoding to copy filtered resources.
2022-07-20 16:34:48,271 [Worker-60: Launching SwapTwoVariables] INFO  o.e.m.c.i.embedder.EclipseLogger - skip non existing resourceDirectory C:\Users\Josh\eclipse-workspace\assignment2\src\test\resources
2022-07-20 16:35:41,726 [Worker-58: Launching SwapTwoVariables] INFO  o.e.m.c.i.embedder.EclipseLogger - Using 'UTF-8' encoding to copy filtered resources.
2022-07-20 16:35:41,727 [Worker-58: Launching SwapTwoVariables] INFO  o.e.m.c.i.embedder.EclipseLogger - skip non existing resourceDirectory C:\Users\Josh\eclipse-workspace\assignment2\src\main\resources
2022-07-20 16:35:41,727 [Worker-58: Launching SwapTwoVariables] INFO  o.e.m.c.i.embedder.EclipseLogger - Using 'UTF-8' encoding to copy filtered resources.
2022-07-20 16:35:41,727 [Worker-58: Launching SwapTwoVariables] INFO  o.e.m.c.i.embedder.EclipseLogger - skip non existing resourceDirectory C:\Users\Josh\eclipse-workspace\assignment2\src\test\resources
2022-07-20 16:36:53,732 [Worker-57: Launching SwapTwoVariables] INFO  o.e.m.c.i.embedder.EclipseLogger - Using 'UTF-8' encoding to copy filtered resources.
2022-07-20 16:36:53,732 [Worker-57: Launching SwapTwoVariables] INFO  o.e.m.c.i.embedder.EclipseLogger - skip non existing resourceDirectory C:\Users\Josh\eclipse-workspace\assignment2\src\main\resources
2022-07-20 16:36:53,733 [Worker-57: Launching SwapTwoVariables] INFO  o.e.m.c.i.embedder.EclipseLogger - Using 'UTF-8' encoding to copy filtered resources.
2022-07-20 16:36:53,733 [Worker-57: Launching SwapTwoVariables] INFO  o.e.m.c.i.embedder.EclipseLogger - skip non existing resourceDirectory C:\Users\Josh\eclipse-workspace\assignment2\src\test\resources
2022-07-20 16:37:10,888 [Worker-57: Launching SwapTwoVariables] INFO  o.e.m.c.i.embedder.EclipseLogger - Using 'UTF-8' encoding to copy filtered resources.
2022-07-20 16:37:10,888 [Worker-57: Launching SwapTwoVariables] INFO  o.e.m.c.i.embedder.EclipseLogger - skip non existing resourceDirectory C:\Users\Josh\eclipse-workspace\assignment2\src\main\resources
2022-07-20 16:37:10,889 [Worker-57: Launching SwapTwoVariables] INFO  o.e.m.c.i.embedder.EclipseLogger - Using 'UTF-8' encoding to copy filtered resources.
2022-07-20 16:37:10,889 [Worker-57: Launching SwapTwoVariables] INFO  o.e.m.c.i.embedder.EclipseLogger - skip non existing resourceDirectory C:\Users\Josh\eclipse-workspace\assignment2\src\test\resources
2022-07-20 16:38:12,287 [Worker-57: Launching SwapTwoVariables] INFO  o.e.m.c.i.embedder.EclipseLogger - Using 'UTF-8' encoding to copy filtered resources.
2022-07-20 16:38:12,287 [Worker-57: Launching SwapTwoVariables] INFO  o.e.m.c.i.embedder.EclipseLogger - skip non existing resourceDirectory C:\Users\Josh\eclipse-workspace\assignment2\src\main\resources
2022-07-20 16:38:12,287 [Worker-57: Launching SwapTwoVariables] INFO  o.e.m.c.i.embedder.EclipseLogger - Using 'UTF-8' encoding to copy filtered resources.
2022-07-20 16:38:12,288 [Worker-57: Launching SwapTwoVariables] INFO  o.e.m.c.i.embedder.EclipseLogger - skip non existing resourceDirectory C:\Users\Josh\eclipse-workspace\assignment2\src\test\resources
2022-07-20 16:38:39,695 [Worker-56: Launching SwapTwoVariables] INFO  o.e.m.c.i.embedder.EclipseLogger - Using 'UTF-8' encoding to copy filtered resources.
2022-07-20 16:38:39,695 [Worker-56: Launching SwapTwoVariables] INFO  o.e.m.c.i.embedder.EclipseLogger - skip non existing resourceDirectory C:\Users\Josh\eclipse-workspace\assignment2\src\main\resources
2022-07-20 16:38:39,696 [Worker-56: Launching SwapTwoVariables] INFO  o.e.m.c.i.embedder.EclipseLogger - Using 'UTF-8' encoding to copy filtered resources.
2022-07-20 16:38:39,696 [Worker-56: Launching SwapTwoVariables] INFO  o.e.m.c.i.embedder.EclipseLogger - skip non existing resourceDirectory C:\Users\Josh\eclipse-workspace\assignment2\src\test\resources
2022-07-20 16:38:59,402 [Worker-60: Building] INFO  o.e.m.c.i.embedder.EclipseLogger - Using 'UTF-8' encoding to copy filtered resources.
2022-07-20 16:38:59,402 [Worker-60: Building] INFO  o.e.m.c.i.embedder.EclipseLogger - skip non existing resourceDirectory C:\Users\Josh\eclipse-workspace\assignment2\src\main\resources
2022-07-20 16:38:59,403 [Worker-60: Building] INFO  o.e.m.c.i.embedder.EclipseLogger - Using 'UTF-8' encoding to copy filtered resources.
2022-07-20 16:38:59,403 [Worker-60: Building] INFO  o.e.m.c.i.embedder.EclipseLogger - skip non existing resourceDirectory C:\Users\Josh\eclipse-workspace\assignment2\src\test\resources
2022-07-20 16:40:17,899 [Worker-61: Building] INFO  o.e.m.c.i.embedder.EclipseLogger - Using 'UTF-8' encoding to copy filtered resources.
2022-07-20 16:40:17,899 [Worker-61: Building] INFO  o.e.m.c.i.embedder.EclipseLogger - skip non existing resourceDirectory C:\Users\Josh\eclipse-workspace\assignment2\src\main\resources
2022-07-20 16:40:17,900 [Worker-61: Building] INFO  o.e.m.c.i.embedder.EclipseLogger - Using 'UTF-8' encoding to copy filtered resources.
2022-07-20 16:40:17,900 [Worker-61: Building] INFO  o.e.m.c.i.embedder.EclipseLogger - skip non existing resourceDirectory C:\Users\Josh\eclipse-workspace\assignment2\src\test\resources
2022-07-20 16:55:53,478 [Worker-56: Launching SwapTwoVariables] INFO  o.e.m.c.i.embedder.EclipseLogger - Using 'UTF-8' encoding to copy filtered resources.
2022-07-20 16:55:53,478 [Worker-56: Launching SwapTwoVariables] INFO  o.e.m.c.i.embedder.EclipseLogger - skip non existing resourceDirectory C:\Users\Josh\eclipse-workspace\assignment2\src\main\resources
2022-07-20 16:55:53,479 [Worker-56: Launching SwapTwoVariables] INFO  o.e.m.c.i.embedder.EclipseLogger - Using 'UTF-8' encoding to copy filtered resources.
2022-07-20 16:55:53,479 [Worker-56: Launching SwapTwoVariables] INFO  o.e.m.c.i.embedder.EclipseLogger - skip non existing resourceDirectory C:\Users\Josh\eclipse-workspace\assignment2\src\test\resources
2022-07-20 17:12:33,241 [Worker-62: Launching SwapTwoVariables] INFO  o.e.m.c.i.embedder.EclipseLogger - Using 'UTF-8' encoding to copy filtered resources.
2022-07-20 17:12:33,242 [Worker-62: Launching SwapTwoVariables] INFO  o.e.m.c.i.embedder.EclipseLogger - skip non existing resourceDirectory C:\Users\Josh\eclipse-workspace\assignment2\src\main\resources
2022-07-20 17:12:33,242 [Worker-62: Launching SwapTwoVariables] INFO  o.e.m.c.i.embedder.EclipseLogger - Using 'UTF-8' encoding to copy filtered resources.
2022-07-20 17:12:33,242 [Worker-62: Launching SwapTwoVariables] INFO  o.e.m.c.i.embedder.EclipseLogger - skip non existing resourceDirectory C:\Users\Josh\eclipse-workspace\assignment2\src\test\resources
2022-07-20 17:15:12,431 [Worker-68: Building] INFO  o.e.m.c.i.embedder.EclipseLogger - Using 'UTF-8' encoding to copy filtered resources.
2022-07-20 17:15:12,431 [Worker-68: Building] INFO  o.e.m.c.i.embedder.EclipseLogger - skip non existing resourceDirectory C:\Users\Josh\eclipse-workspace\assignment2\src\main\resources
2022-07-20 17:15:12,432 [Worker-68: Building] INFO  o.e.m.c.i.embedder.EclipseLogger - Using 'UTF-8' encoding to copy filtered resources.
2022-07-20 17:15:12,432 [Worker-68: Building] INFO  o.e.m.c.i.embedder.EclipseLogger - skip non existing resourceDirectory C:\Users\Josh\eclipse-workspace\assignment2\src\test\resources
2022-07-20 17:15:24,097 [Worker-69: Building] INFO  o.e.m.c.i.embedder.EclipseLogger - Using 'UTF-8' encoding to copy filtered resources.
2022-07-20 17:15:24,097 [Worker-69: Building] INFO  o.e.m.c.i.embedder.EclipseLogger - skip non existing resourceDirectory C:\Users\Josh\eclipse-workspace\assignment2\src\main\resources
2022-07-20 17:15:24,097 [Worker-69: Building] INFO  o.e.m.c.i.embedder.EclipseLogger - Using 'UTF-8' encoding to copy filtered resources.
2022-07-20 17:15:24,097 [Worker-69: Building] INFO  o.e.m.c.i.embedder.EclipseLogger - skip non existing resourceDirectory C:\Users\Josh\eclipse-workspace\assignment2\src\test\resources
2022-07-20 17:15:34,326 [Worker-65: Launching SwapTwoVariables] INFO  o.e.m.c.i.embedder.EclipseLogger - Using 'UTF-8' encoding to copy filtered resources.
2022-07-20 17:15:34,326 [Worker-65: Launching SwapTwoVariables] INFO  o.e.m.c.i.embedder.EclipseLogger - skip non existing resourceDirectory C:\Users\Josh\eclipse-workspace\assignment2\src\main\resources
2022-07-20 17:15:34,327 [Worker-65: Launching SwapTwoVariables] INFO  o.e.m.c.i.embedder.EclipseLogger - Using 'UTF-8' encoding to copy filtered resources.
2022-07-20 17:15:34,327 [Worker-65: Launching SwapTwoVariables] INFO  o.e.m.c.i.embedder.EclipseLogger - skip non existing resourceDirectory C:\Users\Josh\eclipse-workspace\assignment2\src\test\resources
2022-07-20 17:16:09,525 [Worker-62: Building] INFO  o.e.m.c.i.embedder.EclipseLogger - Using 'UTF-8' encoding to copy filtered resources.
2022-07-20 17:16:09,525 [Worker-62: Building] INFO  o.e.m.c.i.embedder.EclipseLogger - skip non existing resourceDirectory C:\Users\Josh\eclipse-workspace\assignment2\src\main\resources
2022-07-20 17:16:09,526 [Worker-62: Building] INFO  o.e.m.c.i.embedder.EclipseLogger - Using 'UTF-8' encoding to copy filtered resources.
2022-07-20 17:16:09,526 [Worker-62: Building] INFO  o.e.m.c.i.embedder.EclipseLogger - skip non existing resourceDirectory C:\Users\Josh\eclipse-workspace\assignment2\src\test\resources
2022-07-20 17:16:18,489 [main] INFO  o.e.m2e.actions.ExecutePomAction - Creating new launch configuration
2022-07-20 17:16:21,014 [Worker-69: Launching assignment2] INFO  o.e.m.i.launch.MavenLaunchDelegate - C:\Users\Josh\eclipse-workspace\assignment2
2022-07-20 17:16:21,014 [Worker-69: Launching assignment2] INFO  o.e.m.i.launch.MavenLaunchDelegate -  mvn -B 
2022-07-20 17:16:47,339 [Worker-67: Launching assignment2] INFO  o.e.m.i.launch.MavenLaunchDelegate - C:\Users\Josh\eclipse-workspace\assignment2
2022-07-20 17:16:47,340 [Worker-67: Launching assignment2] INFO  o.e.m.i.launch.MavenLaunchDelegate -  mvn -B 
2022-07-20 17:16:47,492 [Worker-69: Building] INFO  o.e.m.c.i.embedder.EclipseLogger - Using 'UTF-8' encoding to copy filtered resources.
2022-07-20 17:16:47,492 [Worker-69: Building] INFO  o.e.m.c.i.embedder.EclipseLogger - skip non existing resourceDirectory C:\Users\Josh\eclipse-workspace\assignment2\src\main\resources
2022-07-20 17:16:47,492 [Worker-69: Building] INFO  o.e.m.c.i.embedder.EclipseLogger - Using 'UTF-8' encoding to copy filtered resources.
2022-07-20 17:16:47,492 [Worker-69: Building] INFO  o.e.m.c.i.embedder.EclipseLogger - skip non existing resourceDirectory C:\Users\Josh\eclipse-workspace\assignment2\src\test\resources
2022-07-20 17:16:54,397 [Worker-62: Building] INFO  o.e.m.c.i.embedder.EclipseLogger - Using 'UTF-8' encoding to copy filtered resources.
2022-07-20 17:16:54,397 [Worker-62: Building] INFO  o.e.m.c.i.embedder.EclipseLogger - skip non existing resourceDirectory C:\Users\Josh\eclipse-workspace\assignment2\src\main\resources
2022-07-20 17:16:54,398 [Worker-62: Building] INFO  o.e.m.c.i.embedder.EclipseLogger - Using 'UTF-8' encoding to copy filtered resources.
2022-07-20 17:16:54,398 [Worker-62: Building] INFO  o.e.m.c.i.embedder.EclipseLogger - skip non existing resourceDirectory C:\Users\Josh\eclipse-workspace\assignment2\src\test\resources
2022-07-20 17:18:48,819 [Worker-67: Launching SumOfTwo] INFO  o.e.m.c.i.embedder.EclipseLogger - Using 'UTF-8' encoding to copy filtered resources.
2022-07-20 17:18:48,819 [Worker-67: Launching SumOfTwo] INFO  o.e.m.c.i.embedder.EclipseLogger - skip non existing resourceDirectory C:\Users\Josh\eclipse-workspace\assignment2\src\main\resources
2022-07-20 17:18:48,819 [Worker-67: Launching SumOfTwo] INFO  o.e.m.c.i.embedder.EclipseLogger - Using 'UTF-8' encoding to copy filtered resources.
2022-07-20 17:18:48,819 [Worker-67: Launching SumOfTwo] INFO  o.e.m.c.i.embedder.EclipseLogger - skip non existing resourceDirectory C:\Users\Josh\eclipse-workspace\assignment2\src\test\resources
2022-07-20 17:19:19,403 [Worker-68: Launching SumOfTwo] INFO  o.e.m.c.i.embedder.EclipseLogger - Using 'UTF-8' encoding to copy filtered resources.
2022-07-20 17:19:19,403 [Worker-68: Launching SumOfTwo] INFO  o.e.m.c.i.embedder.EclipseLogger - skip non existing resourceDirectory C:\Users\Josh\eclipse-workspace\assignment2\src\main\resources
2022-07-20 17:19:19,403 [Worker-68: Launching SumOfTwo] INFO  o.e.m.c.i.embedder.EclipseLogger - Using 'UTF-8' encoding to copy filtered resources.
2022-07-20 17:19:19,403 [Worker-68: Launching SumOfTwo] INFO  o.e.m.c.i.embedder.EclipseLogger - skip non existing resourceDirectory C:\Users\Josh\eclipse-workspace\assignment2\src\test\resources
2022-07-20 17:22:49,573 [Worker-71: Building] INFO  o.e.m.c.i.embedder.EclipseLogger - Using 'UTF-8' encoding to copy filtered resources.
2022-07-20 17:22:49,573 [Worker-71: Building] INFO  o.e.m.c.i.embedder.EclipseLogger - skip non existing resourceDirectory C:\Users\Josh\eclipse-workspace\assignment2\src\main\resources
2022-07-20 17:22:49,573 [Worker-71: Building] INFO  o.e.m.c.i.embedder.EclipseLogger - Using 'UTF-8' encoding to copy filtered resources.
2022-07-20 17:22:49,573 [Worker-71: Building] INFO  o.e.m.c.i.embedder.EclipseLogger - skip non existing resourceDirectory C:\Users\Josh\eclipse-workspace\assignment2\src\test\resources
2022-07-20 17:29:33,634 [Worker-67: Launching WordReverse] INFO  o.e.m.c.i.embedder.EclipseLogger - Using 'UTF-8' encoding to copy filtered resources.
2022-07-20 17:29:33,635 [Worker-67: Launching WordReverse] INFO  o.e.m.c.i.embedder.EclipseLogger - skip non existing resourceDirectory C:\Users\Josh\eclipse-workspace\assignment2\src\main\resources
2022-07-20 17:29:33,635 [Worker-67: Launching WordReverse] INFO  o.e.m.c.i.embedder.EclipseLogger - Using 'UTF-8' encoding to copy filtered resources.
2022-07-20 17:29:33,635 [Worker-67: Launching WordReverse] INFO  o.e.m.c.i.embedder.EclipseLogger - skip non existing resourceDirectory C:\Users\Josh\eclipse-workspace\assignment2\src\test\resources
2022-07-20 17:30:57,049 [Worker-67: Launching WordReverse] INFO  o.e.m.c.i.embedder.EclipseLogger - Using 'UTF-8' encoding to copy filtered resources.
2022-07-20 17:30:57,049 [Worker-67: Launching WordReverse] INFO  o.e.m.c.i.embedder.EclipseLogger - skip non existing resourceDirectory C:\Users\Josh\eclipse-workspace\assignment2\src\main\resources
2022-07-20 17:30:57,050 [Worker-67: Launching WordReverse] INFO  o.e.m.c.i.embedder.EclipseLogger - Using 'UTF-8' encoding to copy filtered resources.
2022-07-20 17:30:57,050 [Worker-67: Launching WordReverse] INFO  o.e.m.c.i.embedder.EclipseLogger - skip non existing resourceDirectory C:\Users\Josh\eclipse-workspace\assignment2\src\test\resources
2022-07-20 17:34:38,465 [Worker-76: Launching WordReverse] INFO  o.e.m.c.i.embedder.EclipseLogger - Using 'UTF-8' encoding to copy filtered resources.
2022-07-20 17:34:38,466 [Worker-76: Launching WordReverse] INFO  o.e.m.c.i.embedder.EclipseLogger - skip non existing resourceDirectory C:\Users\Josh\eclipse-workspace\assignment2\src\main\resources
2022-07-20 17:34:38,466 [Worker-76: Launching WordReverse] INFO  o.e.m.c.i.embedder.EclipseLogger - Using 'UTF-8' encoding to copy filtered resources.
2022-07-20 17:34:38,466 [Worker-76: Launching WordReverse] INFO  o.e.m.c.i.embedder.EclipseLogger - skip non existing resourceDirectory C:\Users\Josh\eclipse-workspace\assignment2\src\test\resources
2022-07-20 17:36:38,788 [Worker-77: Launching WordReverse] INFO  o.e.m.c.i.embedder.EclipseLogger - Using 'UTF-8' encoding to copy filtered resources.
2022-07-20 17:36:38,788 [Worker-77: Launching WordReverse] INFO  o.e.m.c.i.embedder.EclipseLogger - skip non existing resourceDirectory C:\Users\Josh\eclipse-workspace\assignment2\src\main\resources
2022-07-20 17:36:38,789 [Worker-77: Launching WordReverse] INFO  o.e.m.c.i.embedder.EclipseLogger - Using 'UTF-8' encoding to copy filtered resources.
2022-07-20 17:36:38,789 [Worker-77: Launching WordReverse] INFO  o.e.m.c.i.embedder.EclipseLogger - skip non existing resourceDirectory C:\Users\Josh\eclipse-workspace\assignment2\src\test\resources
2022-07-20 18:01:36,493 [Worker-82: Launching WordReverse] INFO  o.e.m.c.i.embedder.EclipseLogger - Using 'UTF-8' encoding to copy filtered resources.
2022-07-20 18:01:36,493 [Worker-82: Launching WordReverse] INFO  o.e.m.c.i.embedder.EclipseLogger - skip non existing resourceDirectory C:\Users\Josh\eclipse-workspace\assignment2\src\main\resources
2022-07-20 18:01:36,494 [Worker-82: Launching WordReverse] INFO  o.e.m.c.i.embedder.EclipseLogger - Using 'UTF-8' encoding to copy filtered resources.
2022-07-20 18:01:36,494 [Worker-82: Launching WordReverse] INFO  o.e.m.c.i.embedder.EclipseLogger - skip non existing resourceDirectory C:\Users\Josh\eclipse-workspace\assignment2\src\test\resources
2022-07-20 18:01:42,376 [Worker-81: Launching WordReverse] INFO  o.e.m.c.i.embedder.EclipseLogger - Using 'UTF-8' encoding to copy filtered resources.
2022-07-20 18:01:42,376 [Worker-81: Launching WordReverse] INFO  o.e.m.c.i.embedder.EclipseLogger - skip non existing resourceDirectory C:\Users\Josh\eclipse-workspace\assignment2\src\main\resources
2022-07-20 18:01:42,377 [Worker-81: Launching WordReverse] INFO  o.e.m.c.i.embedder.EclipseLogger - Using 'UTF-8' encoding to copy filtered resources.
2022-07-20 18:01:42,377 [Worker-81: Launching WordReverse] INFO  o.e.m.c.i.embedder.EclipseLogger - skip non existing resourceDirectory C:\Users\Josh\eclipse-workspace\assignment2\src\test\resources
2022-07-20 18:02:03,770 [Worker-80: Launching WordReverse] INFO  o.e.m.c.i.embedder.EclipseLogger - Using 'UTF-8' encoding to copy filtered resources.
2022-07-20 18:02:03,770 [Worker-80: Launching WordReverse] INFO  o.e.m.c.i.embedder.EclipseLogger - skip non existing resourceDirectory C:\Users\Josh\eclipse-workspace\assignment2\src\main\resources
2022-07-20 18:02:03,770 [Worker-80: Launching WordReverse] INFO  o.e.m.c.i.embedder.EclipseLogger - Using 'UTF-8' encoding to copy filtered resources.
2022-07-20 18:02:03,770 [Worker-80: Launching WordReverse] INFO  o.e.m.c.i.embedder.EclipseLogger - skip non existing resourceDirectory C:\Users\Josh\eclipse-workspace\assignment2\src\test\resources
2022-07-20 18:09:54,034 [Worker-85: Launching WordReverse] INFO  o.e.m.c.i.embedder.EclipseLogger - Using 'UTF-8' encoding to copy filtered resources.
2022-07-20 18:09:54,035 [Worker-85: Launching WordReverse] INFO  o.e.m.c.i.embedder.EclipseLogger - skip non existing resourceDirectory C:\Users\Josh\eclipse-workspace\assignment2\src\main\resources
2022-07-20 18:09:54,035 [Worker-85: Launching WordReverse] INFO  o.e.m.c.i.embedder.EclipseLogger - Using 'UTF-8' encoding to copy filtered resources.
2022-07-20 18:09:54,036 [Worker-85: Launching WordReverse] INFO  o.e.m.c.i.embedder.EclipseLogger - skip non existing resourceDirectory C:\Users\Josh\eclipse-workspace\assignment2\src\test\resources
2022-07-20 18:10:03,693 [Worker-82: Launching WordReverse] INFO  o.e.m.c.i.embedder.EclipseLogger - Using 'UTF-8' encoding to copy filtered resources.
2022-07-20 18:10:03,693 [Worker-82: Launching WordReverse] INFO  o.e.m.c.i.embedder.EclipseLogger - skip non existing resourceDirectory C:\Users\Josh\eclipse-workspace\assignment2\src\main\resources
2022-07-20 18:10:03,694 [Worker-82: Launching WordReverse] INFO  o.e.m.c.i.embedder.EclipseLogger - Using 'UTF-8' encoding to copy filtered resources.
2022-07-20 18:10:03,694 [Worker-82: Launching WordReverse] INFO  o.e.m.c.i.embedder.EclipseLogger - skip non existing resourceDirectory C:\Users\Josh\eclipse-workspace\assignment2\src\test\resources
2022-07-20 18:39:07,215 [Worker-91: Launching PrintPrime] INFO  o.e.m.c.i.embedder.EclipseLogger - Using 'UTF-8' encoding to copy filtered resources.
2022-07-20 18:39:07,216 [Worker-91: Launching PrintPrime] INFO  o.e.m.c.i.embedder.EclipseLogger - skip non existing resourceDirectory C:\Users\Josh\eclipse-workspace\assignment2\src\main\resources
2022-07-20 18:39:07,216 [Worker-91: Launching PrintPrime] INFO  o.e.m.c.i.embedder.EclipseLogger - Using 'UTF-8' encoding to copy filtered resources.
2022-07-20 18:39:07,216 [Worker-91: Launching PrintPrime] INFO  o.e.m.c.i.embedder.EclipseLogger - skip non existing resourceDirectory C:\Users\Josh\eclipse-workspace\assignment2\src\test\resources
2022-07-20 18:41:07,269 [Worker-82: Launching PrintPrime] INFO  o.e.m.c.i.embedder.EclipseLogger - Using 'UTF-8' encoding to copy filtered resources.
2022-07-20 18:41:07,269 [Worker-82: Launching PrintPrime] INFO  o.e.m.c.i.embedder.EclipseLogger - skip non existing resourceDirectory C:\Users\Josh\eclipse-workspace\assignment2\src\main\resources
2022-07-20 18:41:07,270 [Worker-82: Launching PrintPrime] INFO  o.e.m.c.i.embedder.EclipseLogger - Using 'UTF-8' encoding to copy filtered resources.
2022-07-20 18:41:07,270 [Worker-82: Launching PrintPrime] INFO  o.e.m.c.i.embedder.EclipseLogger - skip non existing resourceDirectory C:\Users\Josh\eclipse-workspace\assignment2\src\test\resources
2022-07-20 18:41:13,980 [Worker-95: Launching PrintPrime] INFO  o.e.m.c.i.embedder.EclipseLogger - Using 'UTF-8' encoding to copy filtered resources.
2022-07-20 18:41:13,980 [Worker-95: Launching PrintPrime] INFO  o.e.m.c.i.embedder.EclipseLogger - skip non existing resourceDirectory C:\Users\Josh\eclipse-workspace\assignment2\src\main\resources
2022-07-20 18:41:13,981 [Worker-95: Launching PrintPrime] INFO  o.e.m.c.i.embedder.EclipseLogger - Using 'UTF-8' encoding to copy filtered resources.
2022-07-20 18:41:13,981 [Worker-95: Launching PrintPrime] INFO  o.e.m.c.i.embedder.EclipseLogger - skip non existing resourceDirectory C:\Users\Josh\eclipse-workspace\assignment2\src\test\resources
2022-07-20 18:41:19,253 [Worker-92: Launching PrintPrime] INFO  o.e.m.c.i.embedder.EclipseLogger - Using 'UTF-8' encoding to copy filtered resources.
2022-07-20 18:41:19,253 [Worker-92: Launching PrintPrime] INFO  o.e.m.c.i.embedder.EclipseLogger - skip non existing resourceDirectory C:\Users\Josh\eclipse-workspace\assignment2\src\main\resources
2022-07-20 18:41:19,253 [Worker-92: Launching PrintPrime] INFO  o.e.m.c.i.embedder.EclipseLogger - Using 'UTF-8' encoding to copy filtered resources.
2022-07-20 18:41:19,253 [Worker-92: Launching PrintPrime] INFO  o.e.m.c.i.embedder.EclipseLogger - skip non existing resourceDirectory C:\Users\Josh\eclipse-workspace\assignment2\src\test\resources
2022-07-20 18:41:23,919 [Worker-82: Launching PrintPrime] INFO  o.e.m.c.i.embedder.EclipseLogger - Using 'UTF-8' encoding to copy filtered resources.
2022-07-20 18:41:23,919 [Worker-82: Launching PrintPrime] INFO  o.e.m.c.i.embedder.EclipseLogger - skip non existing resourceDirectory C:\Users\Josh\eclipse-workspace\assignment2\src\main\resources
2022-07-20 18:41:23,919 [Worker-82: Launching PrintPrime] INFO  o.e.m.c.i.embedder.EclipseLogger - Using 'UTF-8' encoding to copy filtered resources.
2022-07-20 18:41:23,919 [Worker-82: Launching PrintPrime] INFO  o.e.m.c.i.embedder.EclipseLogger - skip non existing resourceDirectory C:\Users\Josh\eclipse-workspace\assignment2\src\test\resources
2022-07-20 18:42:26,843 [Worker-91: Launching PrintPrime] INFO  o.e.m.c.i.embedder.EclipseLogger - Using 'UTF-8' encoding to copy filtered resources.
2022-07-20 18:42:26,843 [Worker-91: Launching PrintPrime] INFO  o.e.m.c.i.embedder.EclipseLogger - skip non existing resourceDirectory C:\Users\Josh\eclipse-workspace\assignment2\src\main\resources
2022-07-20 18:42:26,844 [Worker-91: Launching PrintPrime] INFO  o.e.m.c.i.embedder.EclipseLogger - Using 'UTF-8' encoding to copy filtered resources.
2022-07-20 18:42:26,844 [Worker-91: Launching PrintPrime] INFO  o.e.m.c.i.embedder.EclipseLogger - skip non existing resourceDirectory C:\Users\Josh\eclipse-workspace\assignment2\src\test\resources
2022-07-20 18:43:31,543 [Worker-95: Launching PrintPrime] INFO  o.e.m.c.i.embedder.EclipseLogger - Using 'UTF-8' encoding to copy filtered resources.
2022-07-20 18:43:31,543 [Worker-95: Launching PrintPrime] INFO  o.e.m.c.i.embedder.EclipseLogger - skip non existing resourceDirectory C:\Users\Josh\eclipse-workspace\assignment2\src\main\resources
2022-07-20 18:43:31,543 [Worker-95: Launching PrintPrime] INFO  o.e.m.c.i.embedder.EclipseLogger - Using 'UTF-8' encoding to copy filtered resources.
2022-07-20 18:43:31,543 [Worker-95: Launching PrintPrime] INFO  o.e.m.c.i.embedder.EclipseLogger - skip non existing resourceDirectory C:\Users\Josh\eclipse-workspace\assignment2\src\test\resources
2022-07-20 18:50:29,523 [Worker-97: Building] INFO  o.e.m.c.i.embedder.EclipseLogger - Using 'UTF-8' encoding to copy filtered resources.
2022-07-20 18:50:29,523 [Worker-97: Building] INFO  o.e.m.c.i.embedder.EclipseLogger - skip non existing resourceDirectory C:\Users\Josh\eclipse-workspace\assignment1\src\main\resources
2022-07-20 18:50:29,523 [Worker-97: Building] INFO  o.e.m.c.i.embedder.EclipseLogger - Using 'UTF-8' encoding to copy filtered resources.
2022-07-20 18:50:29,523 [Worker-97: Building] INFO  o.e.m.c.i.embedder.EclipseLogger - skip non existing resourceDirectory C:\Users\Josh\eclipse-workspace\assignment1\src\test\resources
2022-07-20 18:50:37,287 [Worker-99: Building] INFO  o.e.m.c.i.embedder.EclipseLogger - Using 'UTF-8' encoding to copy filtered resources.
2022-07-20 18:50:37,287 [Worker-99: Building] INFO  o.e.m.c.i.embedder.EclipseLogger - skip non existing resourceDirectory C:\Users\Josh\eclipse-workspace\assignment1\src\main\resources
2022-07-20 18:50:37,287 [Worker-99: Building] INFO  o.e.m.c.i.embedder.EclipseLogger - Using 'UTF-8' encoding to copy filtered resources.
2022-07-20 18:50:37,287 [Worker-99: Building] INFO  o.e.m.c.i.embedder.EclipseLogger - skip non existing resourceDirectory C:\Users\Josh\eclipse-workspace\assignment1\src\test\resources
2022-07-20 19:14:13,277 [Worker-3: Loading available Gradle versions] INFO  o.e.b.c.i.u.g.PublishedGradleVersions - Gradle version information cache is out-of-date. Trying to update.
2022-07-20 19:14:46,595 [Worker-1: Loading available Gradle versions] INFO  o.e.b.c.i.u.g.PublishedGradleVersions - Gradle version information cache is up-to-date. Trying to read.
2022-07-20 19:15:13,171 [Worker-6: Loading available Gradle versions] INFO  o.e.b.c.i.u.g.PublishedGradleVersions - Gradle version information cache is up-to-date. Trying to read.
2022-07-20 19:15:17,002 [Worker-6: Building] INFO  o.e.m.c.i.embedder.EclipseLogger - Using 'UTF-8' encoding to copy filtered resources.
2022-07-20 19:15:17,003 [Worker-6: Building] INFO  o.e.m.c.i.embedder.EclipseLogger - skip non existing resourceDirectory C:\Users\Josh\eclipse-workspace\Assignments\assignment1\src\main\resources
2022-07-20 19:15:17,005 [Worker-6: Building] INFO  o.e.m.c.i.embedder.EclipseLogger - Using 'UTF-8' encoding to copy filtered resources.
2022-07-20 19:15:17,006 [Worker-6: Building] INFO  o.e.m.c.i.embedder.EclipseLogger - skip non existing resourceDirectory C:\Users\Josh\eclipse-workspace\Assignments\assignment1\src\test\resources
2022-07-20 19:15:17,560 [Worker-4: Updating Maven Dependencies] INFO  o.e.m.c.i.l.LifecycleMappingFactory - Using org.eclipse.m2e.jdt.JarLifecycleMapping lifecycle mapping for MavenProject: com.hcl:assignment1:0.0.1-SNAPSHOT @ C:\Users\Josh\eclipse-workspace\Assignments\assignment1\pom.xml.
2022-07-20 19:15:18,049 [Worker-5: Building] INFO  o.e.m.c.i.embedder.EclipseLogger - Using 'UTF-8' encoding to copy filtered resources.
2022-07-20 19:15:18,049 [Worker-5: Building] INFO  o.e.m.c.i.embedder.EclipseLogger - skip non existing resourceDirectory C:\Users\Josh\eclipse-workspace\Assignments\assignment1\src\main\resources
2022-07-20 19:15:18,049 [Worker-5: Building] INFO  o.e.m.c.i.embedder.EclipseLogger - Using 'UTF-8' encoding to copy filtered resources.
2022-07-20 19:15:18,049 [Worker-5: Building] INFO  o.e.m.c.i.embedder.EclipseLogger - skip non existing resourceDirectory C:\Users\Josh\eclipse-workspace\Assignments\assignment1\src\test\resources
2022-07-20 19:15:19,237 [Worker-8: Building] INFO  o.e.m.c.i.embedder.EclipseLogger - Using 'UTF-8' encoding to copy filtered resources.
2022-07-20 19:15:19,237 [Worker-8: Building] INFO  o.e.m.c.i.embedder.EclipseLogger - skip non existing resourceDirectory C:\Users\Josh\eclipse-workspace\Assignments\assignment2\src\main\resources
2022-07-20 19:15:19,238 [Worker-8: Building] INFO  o.e.m.c.i.embedder.EclipseLogger - Using 'UTF-8' encoding to copy filtered resources.
2022-07-20 19:15:19,239 [Worker-8: Building] INFO  o.e.m.c.i.embedder.EclipseLogger - skip non existing resourceDirectory C:\Users\Josh\eclipse-workspace\Assignments\assignment2\src\test\resources
2022-07-20 19:15:20,080 [Worker-42: Updating Maven Dependencies] INFO  o.e.m.c.i.l.LifecycleMappingFactory - Using org.eclipse.m2e.jdt.JarLifecycleMapping lifecycle mapping for MavenProject: com.hcl:assignment2:0.0.1-SNAPSHOT @ C:\Users\Josh\eclipse-workspace\Assignments\assignment2\pom.xml.
